<?xml version="1.0" encoding="UTF-8"?>
<!-- Generated by org.testng.reporters.JUnitReportReporter -->
<testsuite hostname="LAPTOP-I5NF50M8" failures="0" tests="2" name="com.qa.testcase.LoginPageTest" time="57.562" errors="0" timestamp="16 May 2020 17:13:16 GMT" skipped="0">
  <testcase classname="com.qa.testcase.LoginPageTest" name="GetLoginPageTitle" time="17.699"/>
  <testcase classname="com.qa.testcase.LoginPageTest" name="loginTest" time="39.863"/>
</testsuite> <!-- com.qa.testcase.LoginPageTest -->
