<?xml version="1.0" encoding="UTF-8"?>
<!-- Generated by org.testng.reporters.JUnitReportReporter -->
<testsuite hostname="LAPTOP-I5NF50M8" failures="0" tests="1" name="com.qa.testcase.AddToCarPageTest" time="39.364" errors="0" timestamp="16 May 2020 17:13:16 GMT" skipped="0">
  <testcase classname="com.qa.testcase.AddToCarPageTest" name="deleteAllCart" time="39.364"/>
</testsuite> <!-- com.qa.testcase.AddToCarPageTest -->
