<?xml version="1.0" encoding="UTF-8"?>
<!-- Generated by org.testng.reporters.JUnitReportReporter -->
<testsuite hostname="LAPTOP-I5NF50M8" failures="0" tests="3" name="com.qa.testcase.HomePageTest" time="70.438" errors="0" timestamp="16 May 2020 17:13:16 GMT" skipped="0">
  <testcase classname="com.qa.testcase.HomePageTest" name="verifyHomePageTest" time="20.311"/>
  <testcase classname="com.qa.testcase.HomePageTest" name="clickOnCartTest" time="22.656"/>
  <testcase classname="com.qa.testcase.HomePageTest" name="searchProduct" time="27.471"/>
</testsuite> <!-- com.qa.testcase.HomePageTest -->
